<?xml version="1.0" encoding="UTF-8"?>
<testng-results skipped="0" failed="0" ignored="0" total="1" passed="1">
  <reporter-output>
  </reporter-output>
  <suite name="Default suite" duration-ms="15603" started-at="2020-07-06T15:52:12Z" finished-at="2020-07-06T15:52:28Z">
    <groups>
    </groups>
    <test name="Default test" duration-ms="15603" started-at="2020-07-06T15:52:12Z" finished-at="2020-07-06T15:52:28Z">
      <class name="com.cosmic.test.smoke.TestSample">
        <test-method status="PASS" signature="preCondition()[pri:0, instance:com.cosmic.test.smoke.TestSample@1aeed2f]" name="preCondition" is-config="true" duration-ms="15272" started-at="2020-07-06T15:52:12Z" finished-at="2020-07-06T15:52:28Z">
          <reporter-output>
          </reporter-output>
        </test-method> <!-- preCondition -->
        <test-method status="PASS" signature="testSample()[pri:0, instance:com.cosmic.test.smoke.TestSample@1aeed2f]" name="testSample" duration-ms="18" started-at="2020-07-06T15:52:28Z" finished-at="2020-07-06T15:52:28Z">
          <reporter-output>
          </reporter-output>
        </test-method> <!-- testSample -->
        <test-method status="PASS" signature="postCondition()[pri:0, instance:com.cosmic.test.smoke.TestSample@1aeed2f]" name="postCondition" is-config="true" duration-ms="288" started-at="2020-07-06T15:52:28Z" finished-at="2020-07-06T15:52:28Z">
          <reporter-output>
          </reporter-output>
        </test-method> <!-- postCondition -->
      </class> <!-- com.cosmic.test.smoke.TestSample -->
    </test> <!-- Default test -->
  </suite> <!-- Default suite -->
</testng-results>
